<?xml version="1.0" encoding="UTF-8"?>
<!-- Generated by org.testng.reporters.JUnitReportReporter -->
<testsuite hostname="LAPTOP-EN8B1T7Q" failures="0" tests="1" name="driverFactory.AppTest" time="50.569" errors="0" timestamp="02 Sept 2024 15:42:44 GMT" skipped="0">
  <testcase classname="driverFactory.AppTest" name="startTest" time="50.569"/>
</testsuite> <!-- driverFactory.AppTest -->
