<?xml version="1.0" encoding="UTF-8"?>
<!-- Generated by org.testng.reporters.JUnitReportReporter -->
<testsuite hostname="LAPTOP-EN8B1T7Q" failures="0" tests="1" name="driverFactory.Customertest" time="63.963" errors="0" timestamp="10 Sept 2024 10:32:08 GMT" skipped="0">
  <testcase classname="driverFactory.Customertest" name="startTest" time="63.963"/>
</testsuite> <!-- driverFactory.Customertest -->
